build/app/intermediates/manifest_merge_blame_file/release/manifest-merger-blame-release-report.txt
1<?xml version="1.0" encoding="utf-8"?>
2<manifest xmlns:android="http://schemas.android.com/apk/res/android"
3    package="com.ALi_Jaafar95.offer_APP"
4    android:versionCode="68"
5    android:versionName="6.5.0" >
6
7    <uses-sdk
8        android:minSdkVersion="21"
9        android:targetSdkVersion="35" />
10
11    <uses-permission android:name="android.permission.ACCESS_FINE_LOCATION" />
11-->src/main/AndroidManifest.xml:2:1-74
11-->src/main/AndroidManifest.xml:2:18-72
12    <uses-permission android:name="android.permission.ACCESS_COARSE_LOCATION" />
12-->src/main/AndroidManifest.xml:3:1-76
12-->src/main/AndroidManifest.xml:3:18-74
13    <uses-permission android:name="android.permission.INTERNET" />
13-->src/main/AndroidManifest.xml:37:5-66
13-->src/main/AndroidManifest.xml:37:22-64
14    <uses-permission android:name="com.android.launcher.permission.READ_SETTINGS" />
14-->src/main/AndroidManifest.xml:38:5-85
14-->src/main/AndroidManifest.xml:38:22-82
15    <uses-permission android:name="com.android.launcher.permission.WRITE_SETTINGS" />
15-->src/main/AndroidManifest.xml:39:5-86
15-->src/main/AndroidManifest.xml:39:22-83
16    <uses-permission android:name="android.permission.READ_EXTERNAL_STORAGE" />
16-->src/main/AndroidManifest.xml:40:5-79
16-->src/main/AndroidManifest.xml:40:22-77
17
18    <!--
19         Required to query activities that can process text, see:
20         https://developer.android.com/training/package-visibility and
21         https://developer.android.com/reference/android/content/Intent#ACTION_PROCESS_TEXT.
22
23         In particular, this is used by the Flutter engine in io.flutter.plugin.text.ProcessTextPlugin.
24    -->
25    <queries>
25-->src/main/AndroidManifest.xml:47:5-52:15
26        <intent>
26-->src/main/AndroidManifest.xml:48:9-51:18
27            <action android:name="android.intent.action.PROCESS_TEXT" />
27-->src/main/AndroidManifest.xml:49:13-72
27-->src/main/AndroidManifest.xml:49:21-70
28
29            <data android:mimeType="text/plain" />
29-->src/main/AndroidManifest.xml:50:13-50
29-->src/main/AndroidManifest.xml:50:19-48
30        </intent>
31    </queries>
32
33    <uses-permission android:name="android.permission.WAKE_LOCK" />
33-->[:firebase_messaging] AndroidManifest.xml:8:5-68
33-->[:firebase_messaging] AndroidManifest.xml:8:22-65
34    <uses-permission android:name="android.permission.ACCESS_NETWORK_STATE" /> <!-- Permissions options for the `notification` group -->
34-->[:firebase_messaging] AndroidManifest.xml:9:5-79
34-->[:firebase_messaging] AndroidManifest.xml:9:22-76
35    <uses-permission android:name="android.permission.POST_NOTIFICATIONS" /> <!-- Required by older versions of Google Play services to create IID tokens -->
35-->[:firebase_messaging] AndroidManifest.xml:11:5-77
35-->[:firebase_messaging] AndroidManifest.xml:11:22-74
36    <uses-permission android:name="com.google.android.c2dm.permission.RECEIVE" />
36-->[com.google.firebase:firebase-messaging:24.1.0] AndroidManifest.xml:26:5-82
36-->[com.google.firebase:firebase-messaging:24.1.0] AndroidManifest.xml:26:22-79
37
38    <permission
38-->[androidx.core:core:1.13.1] AndroidManifest.xml:22:5-24:47
39        android:name="com.ALi_Jaafar95.offer_APP.DYNAMIC_RECEIVER_NOT_EXPORTED_PERMISSION"
39-->[androidx.core:core:1.13.1] AndroidManifest.xml:23:9-81
40        android:protectionLevel="signature" />
40-->[androidx.core:core:1.13.1] AndroidManifest.xml:24:9-44
41
42    <uses-permission android:name="com.ALi_Jaafar95.offer_APP.DYNAMIC_RECEIVER_NOT_EXPORTED_PERMISSION" />
42-->[androidx.core:core:1.13.1] AndroidManifest.xml:26:5-97
42-->[androidx.core:core:1.13.1] AndroidManifest.xml:26:22-94
43
44    <application
45        android:name="android.app.Application"
45-->src/main/AndroidManifest.xml:7:9-42
46        android:appComponentFactory="androidx.core.app.CoreComponentFactory"
46-->[androidx.core:core:1.13.1] AndroidManifest.xml:28:18-86
47        android:extractNativeLibs="true"
48        android:icon="@mipmap/launcher_icon"
48-->src/main/AndroidManifest.xml:8:9-45
49        android:label="Cbc" >
49-->src/main/AndroidManifest.xml:6:9-28
50        <activity
50-->src/main/AndroidManifest.xml:9:9-30:20
51            android:name="com.ALi_Jaafar95.offer_APP.MainActivity"
51-->src/main/AndroidManifest.xml:10:13-41
52            android:configChanges="orientation|keyboardHidden|keyboard|screenSize|smallestScreenSize|locale|layoutDirection|fontScale|screenLayout|density|uiMode"
52-->src/main/AndroidManifest.xml:15:13-163
53            android:exported="true"
53-->src/main/AndroidManifest.xml:11:13-36
54            android:hardwareAccelerated="true"
54-->src/main/AndroidManifest.xml:16:13-47
55            android:launchMode="singleTop"
55-->src/main/AndroidManifest.xml:12:13-43
56            android:taskAffinity=""
56-->src/main/AndroidManifest.xml:13:13-36
57            android:theme="@style/LaunchTheme"
57-->src/main/AndroidManifest.xml:14:13-47
58            android:windowSoftInputMode="adjustResize" >
58-->src/main/AndroidManifest.xml:17:13-55
59
60            <!--
61                 Specifies an Android theme to apply to this Activity as soon as
62                 the Android process has started. This theme is visible to the user
63                 while the Flutter UI initializes. After that, this theme continues
64                 to determine the Window background behind the Flutter UI.
65            -->
66            <meta-data
66-->src/main/AndroidManifest.xml:22:13-25:17
67                android:name="io.flutter.embedding.android.NormalTheme"
67-->src/main/AndroidManifest.xml:23:15-70
68                android:resource="@style/NormalTheme" />
68-->src/main/AndroidManifest.xml:24:15-52
69
70            <intent-filter>
70-->src/main/AndroidManifest.xml:26:13-29:29
71                <action android:name="android.intent.action.MAIN" />
71-->src/main/AndroidManifest.xml:27:17-68
71-->src/main/AndroidManifest.xml:27:25-66
72
73                <category android:name="android.intent.category.LAUNCHER" />
73-->src/main/AndroidManifest.xml:28:17-76
73-->src/main/AndroidManifest.xml:28:27-74
74            </intent-filter>
75        </activity>
76        <!--
77             Don't delete the meta-data below.
78             This is used by the Flutter tool to generate GeneratedPluginRegistrant.java
79        -->
80        <meta-data
80-->src/main/AndroidManifest.xml:33:9-35:33
81            android:name="flutterEmbedding"
81-->src/main/AndroidManifest.xml:34:13-44
82            android:value="2" />
82-->src/main/AndroidManifest.xml:35:13-30
83
84        <service
84-->[:firebase_messaging] AndroidManifest.xml:14:9-17:72
85            android:name="io.flutter.plugins.firebase.messaging.FlutterFirebaseMessagingBackgroundService"
85-->[:firebase_messaging] AndroidManifest.xml:15:13-107
86            android:exported="false"
86-->[:firebase_messaging] AndroidManifest.xml:16:13-37
87            android:permission="android.permission.BIND_JOB_SERVICE" />
87-->[:firebase_messaging] AndroidManifest.xml:17:13-69
88        <service
88-->[:firebase_messaging] AndroidManifest.xml:18:9-24:19
89            android:name="io.flutter.plugins.firebase.messaging.FlutterFirebaseMessagingService"
89-->[:firebase_messaging] AndroidManifest.xml:19:13-97
90            android:exported="false" >
90-->[:firebase_messaging] AndroidManifest.xml:20:13-37
91            <intent-filter>
91-->[:firebase_messaging] AndroidManifest.xml:21:13-23:29
92                <action android:name="com.google.firebase.MESSAGING_EVENT" />
92-->[:firebase_messaging] AndroidManifest.xml:22:17-78
92-->[:firebase_messaging] AndroidManifest.xml:22:25-75
93            </intent-filter>
94        </service>
95
96        <receiver
96-->[:firebase_messaging] AndroidManifest.xml:26:9-33:20
97            android:name="io.flutter.plugins.firebase.messaging.FlutterFirebaseMessagingReceiver"
97-->[:firebase_messaging] AndroidManifest.xml:27:13-98
98            android:exported="true"
98-->[:firebase_messaging] AndroidManifest.xml:28:13-36
99            android:permission="com.google.android.c2dm.permission.SEND" >
99-->[:firebase_messaging] AndroidManifest.xml:29:13-73
100            <intent-filter>
100-->[:firebase_messaging] AndroidManifest.xml:30:13-32:29
101                <action android:name="com.google.android.c2dm.intent.RECEIVE" />
101-->[:firebase_messaging] AndroidManifest.xml:31:17-81
101-->[:firebase_messaging] AndroidManifest.xml:31:25-78
102            </intent-filter>
103        </receiver>
104
105        <service
105-->[:firebase_messaging] AndroidManifest.xml:35:9-39:19
106            android:name="com.google.firebase.components.ComponentDiscoveryService"
106-->[:firebase_messaging] AndroidManifest.xml:35:18-89
107            android:directBootAware="true"
107-->[com.google.firebase:firebase-common:21.0.0] AndroidManifest.xml:32:13-43
108            android:exported="false" >
108-->[com.google.firebase:firebase-messaging:24.1.0] AndroidManifest.xml:56:13-37
109            <meta-data
109-->[:firebase_messaging] AndroidManifest.xml:36:13-38:85
110                android:name="com.google.firebase.components:io.flutter.plugins.firebase.messaging.FlutterFirebaseAppRegistrar"
110-->[:firebase_messaging] AndroidManifest.xml:37:17-128
111                android:value="com.google.firebase.components.ComponentRegistrar" />
111-->[:firebase_messaging] AndroidManifest.xml:38:17-82
112            <meta-data
112-->[:firebase_core] AndroidManifest.xml:9:13-11:85
113                android:name="com.google.firebase.components:io.flutter.plugins.firebase.core.FlutterFirebaseCoreRegistrar"
113-->[:firebase_core] AndroidManifest.xml:10:17-124
114                android:value="com.google.firebase.components.ComponentRegistrar" />
114-->[:firebase_core] AndroidManifest.xml:11:17-82
115            <meta-data
115-->[com.google.firebase:firebase-messaging:24.1.0] AndroidManifest.xml:57:13-59:85
116                android:name="com.google.firebase.components:com.google.firebase.messaging.FirebaseMessagingKtxRegistrar"
116-->[com.google.firebase:firebase-messaging:24.1.0] AndroidManifest.xml:58:17-122
117                android:value="com.google.firebase.components.ComponentRegistrar" />
117-->[com.google.firebase:firebase-messaging:24.1.0] AndroidManifest.xml:59:17-82
118            <meta-data
118-->[com.google.firebase:firebase-messaging:24.1.0] AndroidManifest.xml:60:13-62:85
119                android:name="com.google.firebase.components:com.google.firebase.messaging.FirebaseMessagingRegistrar"
119-->[com.google.firebase:firebase-messaging:24.1.0] AndroidManifest.xml:61:17-119
120                android:value="com.google.firebase.components.ComponentRegistrar" />
120-->[com.google.firebase:firebase-messaging:24.1.0] AndroidManifest.xml:62:17-82
121            <meta-data
121-->[com.google.firebase:firebase-installations:18.0.0] AndroidManifest.xml:15:13-17:85
122                android:name="com.google.firebase.components:com.google.firebase.installations.FirebaseInstallationsKtxRegistrar"
122-->[com.google.firebase:firebase-installations:18.0.0] AndroidManifest.xml:16:17-130
123                android:value="com.google.firebase.components.ComponentRegistrar" />
123-->[com.google.firebase:firebase-installations:18.0.0] AndroidManifest.xml:17:17-82
124            <meta-data
124-->[com.google.firebase:firebase-installations:18.0.0] AndroidManifest.xml:18:13-20:85
125                android:name="com.google.firebase.components:com.google.firebase.installations.FirebaseInstallationsRegistrar"
125-->[com.google.firebase:firebase-installations:18.0.0] AndroidManifest.xml:19:17-127
126                android:value="com.google.firebase.components.ComponentRegistrar" />
126-->[com.google.firebase:firebase-installations:18.0.0] AndroidManifest.xml:20:17-82
127            <meta-data
127-->[com.google.firebase:firebase-common-ktx:21.0.0] AndroidManifest.xml:12:13-14:85
128                android:name="com.google.firebase.components:com.google.firebase.ktx.FirebaseCommonLegacyRegistrar"
128-->[com.google.firebase:firebase-common-ktx:21.0.0] AndroidManifest.xml:13:17-116
129                android:value="com.google.firebase.components.ComponentRegistrar" />
129-->[com.google.firebase:firebase-common-ktx:21.0.0] AndroidManifest.xml:14:17-82
130            <meta-data
130-->[com.google.firebase:firebase-common:21.0.0] AndroidManifest.xml:35:13-37:85
131                android:name="com.google.firebase.components:com.google.firebase.FirebaseCommonKtxRegistrar"
131-->[com.google.firebase:firebase-common:21.0.0] AndroidManifest.xml:36:17-109
132                android:value="com.google.firebase.components.ComponentRegistrar" />
132-->[com.google.firebase:firebase-common:21.0.0] AndroidManifest.xml:37:17-82
133            <meta-data
133-->[com.google.firebase:firebase-datatransport:18.2.0] AndroidManifest.xml:25:13-27:85
134                android:name="com.google.firebase.components:com.google.firebase.datatransport.TransportRegistrar"
134-->[com.google.firebase:firebase-datatransport:18.2.0] AndroidManifest.xml:26:17-115
135                android:value="com.google.firebase.components.ComponentRegistrar" />
135-->[com.google.firebase:firebase-datatransport:18.2.0] AndroidManifest.xml:27:17-82
136        </service>
137
138        <provider
138-->[:firebase_messaging] AndroidManifest.xml:41:9-45:38
139            android:name="io.flutter.plugins.firebase.messaging.FlutterFirebaseMessagingInitProvider"
139-->[:firebase_messaging] AndroidManifest.xml:42:13-102
140            android:authorities="com.ALi_Jaafar95.offer_APP.flutterfirebasemessaginginitprovider"
140-->[:firebase_messaging] AndroidManifest.xml:43:13-88
141            android:exported="false"
141-->[:firebase_messaging] AndroidManifest.xml:44:13-37
142            android:initOrder="99" />
142-->[:firebase_messaging] AndroidManifest.xml:45:13-35
143        <provider
143-->[:image_picker_android] AndroidManifest.xml:9:9-17:20
144            android:name="io.flutter.plugins.imagepicker.ImagePickerFileProvider"
144-->[:image_picker_android] AndroidManifest.xml:10:13-82
145            android:authorities="com.ALi_Jaafar95.offer_APP.flutter.image_provider"
145-->[:image_picker_android] AndroidManifest.xml:11:13-74
146            android:exported="false"
146-->[:image_picker_android] AndroidManifest.xml:12:13-37
147            android:grantUriPermissions="true" >
147-->[:image_picker_android] AndroidManifest.xml:13:13-47
148            <meta-data
148-->[:image_picker_android] AndroidManifest.xml:14:13-16:75
149                android:name="android.support.FILE_PROVIDER_PATHS"
149-->[:image_picker_android] AndroidManifest.xml:15:17-67
150                android:resource="@xml/flutter_image_picker_file_paths" />
150-->[:image_picker_android] AndroidManifest.xml:16:17-72
151        </provider> <!-- Trigger Google Play services to install the backported photo picker module. -->
152        <service
152-->[:image_picker_android] AndroidManifest.xml:19:9-31:19
153            android:name="com.google.android.gms.metadata.ModuleDependencies"
153-->[:image_picker_android] AndroidManifest.xml:20:13-78
154            android:enabled="false"
154-->[:image_picker_android] AndroidManifest.xml:21:13-36
155            android:exported="false" >
155-->[:image_picker_android] AndroidManifest.xml:22:13-37
156            <intent-filter>
156-->[:image_picker_android] AndroidManifest.xml:24:13-26:29
157                <action android:name="com.google.android.gms.metadata.MODULE_DEPENDENCIES" />
157-->[:image_picker_android] AndroidManifest.xml:25:17-94
157-->[:image_picker_android] AndroidManifest.xml:25:25-91
158            </intent-filter>
159
160            <meta-data
160-->[:image_picker_android] AndroidManifest.xml:28:13-30:36
161                android:name="photopicker_activity:0:required"
161-->[:image_picker_android] AndroidManifest.xml:29:17-63
162                android:value="" />
162-->[:image_picker_android] AndroidManifest.xml:30:17-33
163        </service>
164        <service
164-->[:geolocator_android] AndroidManifest.xml:8:9-12:56
165            android:name="com.baseflow.geolocator.GeolocatorLocationService"
165-->[:geolocator_android] AndroidManifest.xml:9:13-77
166            android:enabled="true"
166-->[:geolocator_android] AndroidManifest.xml:10:13-35
167            android:exported="false"
167-->[:geolocator_android] AndroidManifest.xml:11:13-37
168            android:foregroundServiceType="location" />
168-->[:geolocator_android] AndroidManifest.xml:12:13-53
169
170        <activity
170-->[:url_launcher_android] AndroidManifest.xml:8:9-11:74
171            android:name="io.flutter.plugins.urllauncher.WebViewActivity"
171-->[:url_launcher_android] AndroidManifest.xml:9:13-74
172            android:exported="false"
172-->[:url_launcher_android] AndroidManifest.xml:10:13-37
173            android:theme="@android:style/Theme.NoTitleBar.Fullscreen" />
173-->[:url_launcher_android] AndroidManifest.xml:11:13-71
174
175        <receiver
175-->[com.google.firebase:firebase-messaging:24.1.0] AndroidManifest.xml:29:9-40:20
176            android:name="com.google.firebase.iid.FirebaseInstanceIdReceiver"
176-->[com.google.firebase:firebase-messaging:24.1.0] AndroidManifest.xml:30:13-78
177            android:exported="true"
177-->[com.google.firebase:firebase-messaging:24.1.0] AndroidManifest.xml:31:13-36
178            android:permission="com.google.android.c2dm.permission.SEND" >
178-->[com.google.firebase:firebase-messaging:24.1.0] AndroidManifest.xml:32:13-73
179            <intent-filter>
179-->[:firebase_messaging] AndroidManifest.xml:30:13-32:29
180                <action android:name="com.google.android.c2dm.intent.RECEIVE" />
180-->[:firebase_messaging] AndroidManifest.xml:31:17-81
180-->[:firebase_messaging] AndroidManifest.xml:31:25-78
181            </intent-filter>
182
183            <meta-data
183-->[com.google.firebase:firebase-messaging:24.1.0] AndroidManifest.xml:37:13-39:40
184                android:name="com.google.android.gms.cloudmessaging.FINISHED_AFTER_HANDLED"
184-->[com.google.firebase:firebase-messaging:24.1.0] AndroidManifest.xml:38:17-92
185                android:value="true" />
185-->[com.google.firebase:firebase-messaging:24.1.0] AndroidManifest.xml:39:17-37
186        </receiver>
187        <!--
188             FirebaseMessagingService performs security checks at runtime,
189             but set to not exported to explicitly avoid allowing another app to call it.
190        -->
191        <service
191-->[com.google.firebase:firebase-messaging:24.1.0] AndroidManifest.xml:46:9-53:19
192            android:name="com.google.firebase.messaging.FirebaseMessagingService"
192-->[com.google.firebase:firebase-messaging:24.1.0] AndroidManifest.xml:47:13-82
193            android:directBootAware="true"
193-->[com.google.firebase:firebase-messaging:24.1.0] AndroidManifest.xml:48:13-43
194            android:exported="false" >
194-->[com.google.firebase:firebase-messaging:24.1.0] AndroidManifest.xml:49:13-37
195            <intent-filter android:priority="-500" >
195-->[:firebase_messaging] AndroidManifest.xml:21:13-23:29
196                <action android:name="com.google.firebase.MESSAGING_EVENT" />
196-->[:firebase_messaging] AndroidManifest.xml:22:17-78
196-->[:firebase_messaging] AndroidManifest.xml:22:25-75
197            </intent-filter>
198        </service>
199
200        <activity
200-->[com.google.android.gms:play-services-base:18.3.0] AndroidManifest.xml:20:9-22:45
201            android:name="com.google.android.gms.common.api.GoogleApiActivity"
201-->[com.google.android.gms:play-services-base:18.3.0] AndroidManifest.xml:20:19-85
202            android:exported="false"
202-->[com.google.android.gms:play-services-base:18.3.0] AndroidManifest.xml:22:19-43
203            android:theme="@android:style/Theme.Translucent.NoTitleBar" />
203-->[com.google.android.gms:play-services-base:18.3.0] AndroidManifest.xml:21:19-78
204
205        <provider
205-->[com.google.firebase:firebase-common:21.0.0] AndroidManifest.xml:23:9-28:39
206            android:name="com.google.firebase.provider.FirebaseInitProvider"
206-->[com.google.firebase:firebase-common:21.0.0] AndroidManifest.xml:24:13-77
207            android:authorities="com.ALi_Jaafar95.offer_APP.firebaseinitprovider"
207-->[com.google.firebase:firebase-common:21.0.0] AndroidManifest.xml:25:13-72
208            android:directBootAware="true"
208-->[com.google.firebase:firebase-common:21.0.0] AndroidManifest.xml:26:13-43
209            android:exported="false"
209-->[com.google.firebase:firebase-common:21.0.0] AndroidManifest.xml:27:13-37
210            android:initOrder="100" />
210-->[com.google.firebase:firebase-common:21.0.0] AndroidManifest.xml:28:13-36
211
212        <uses-library
212-->[androidx.window:window:1.2.0] AndroidManifest.xml:23:9-25:40
213            android:name="androidx.window.extensions"
213-->[androidx.window:window:1.2.0] AndroidManifest.xml:24:13-54
214            android:required="false" />
214-->[androidx.window:window:1.2.0] AndroidManifest.xml:25:13-37
215        <uses-library
215-->[androidx.window:window:1.2.0] AndroidManifest.xml:26:9-28:40
216            android:name="androidx.window.sidecar"
216-->[androidx.window:window:1.2.0] AndroidManifest.xml:27:13-51
217            android:required="false" />
217-->[androidx.window:window:1.2.0] AndroidManifest.xml:28:13-37
218
219        <meta-data
219-->[com.google.android.gms:play-services-basement:18.3.0] AndroidManifest.xml:21:9-23:69
220            android:name="com.google.android.gms.version"
220-->[com.google.android.gms:play-services-basement:18.3.0] AndroidManifest.xml:22:13-58
221            android:value="@integer/google_play_services_version" />
221-->[com.google.android.gms:play-services-basement:18.3.0] AndroidManifest.xml:23:13-66
222
223        <provider
223-->[androidx.lifecycle:lifecycle-process:2.7.0] AndroidManifest.xml:24:9-32:20
224            android:name="androidx.startup.InitializationProvider"
224-->[androidx.lifecycle:lifecycle-process:2.7.0] AndroidManifest.xml:25:13-67
225            android:authorities="com.ALi_Jaafar95.offer_APP.androidx-startup"
225-->[androidx.lifecycle:lifecycle-process:2.7.0] AndroidManifest.xml:26:13-68
226            android:exported="false" >
226-->[androidx.lifecycle:lifecycle-process:2.7.0] AndroidManifest.xml:27:13-37
227            <meta-data
227-->[androidx.lifecycle:lifecycle-process:2.7.0] AndroidManifest.xml:29:13-31:52
228                android:name="androidx.lifecycle.ProcessLifecycleInitializer"
228-->[androidx.lifecycle:lifecycle-process:2.7.0] AndroidManifest.xml:30:17-78
229                android:value="androidx.startup" />
229-->[androidx.lifecycle:lifecycle-process:2.7.0] AndroidManifest.xml:31:17-49
230            <meta-data
230-->[androidx.profileinstaller:profileinstaller:1.3.1] AndroidManifest.xml:29:13-31:52
231                android:name="androidx.profileinstaller.ProfileInstallerInitializer"
231-->[androidx.profileinstaller:profileinstaller:1.3.1] AndroidManifest.xml:30:17-85
232                android:value="androidx.startup" />
232-->[androidx.profileinstaller:profileinstaller:1.3.1] AndroidManifest.xml:31:17-49
233        </provider>
234
235        <receiver
235-->[androidx.profileinstaller:profileinstaller:1.3.1] AndroidManifest.xml:34:9-52:20
236            android:name="androidx.profileinstaller.ProfileInstallReceiver"
236-->[androidx.profileinstaller:profileinstaller:1.3.1] AndroidManifest.xml:35:13-76
237            android:directBootAware="false"
237-->[androidx.profileinstaller:profileinstaller:1.3.1] AndroidManifest.xml:36:13-44
238            android:enabled="true"
238-->[androidx.profileinstaller:profileinstaller:1.3.1] AndroidManifest.xml:37:13-35
239            android:exported="true"
239-->[androidx.profileinstaller:profileinstaller:1.3.1] AndroidManifest.xml:38:13-36
240            android:permission="android.permission.DUMP" >
240-->[androidx.profileinstaller:profileinstaller:1.3.1] AndroidManifest.xml:39:13-57
241            <intent-filter>
241-->[androidx.profileinstaller:profileinstaller:1.3.1] AndroidManifest.xml:40:13-42:29
242                <action android:name="androidx.profileinstaller.action.INSTALL_PROFILE" />
242-->[androidx.profileinstaller:profileinstaller:1.3.1] AndroidManifest.xml:41:17-91
242-->[androidx.profileinstaller:profileinstaller:1.3.1] AndroidManifest.xml:41:25-88
243            </intent-filter>
244            <intent-filter>
244-->[androidx.profileinstaller:profileinstaller:1.3.1] AndroidManifest.xml:43:13-45:29
245                <action android:name="androidx.profileinstaller.action.SKIP_FILE" />
245-->[androidx.profileinstaller:profileinstaller:1.3.1] AndroidManifest.xml:44:17-85
245-->[androidx.profileinstaller:profileinstaller:1.3.1] AndroidManifest.xml:44:25-82
246            </intent-filter>
247            <intent-filter>
247-->[androidx.profileinstaller:profileinstaller:1.3.1] AndroidManifest.xml:46:13-48:29
248                <action android:name="androidx.profileinstaller.action.SAVE_PROFILE" />
248-->[androidx.profileinstaller:profileinstaller:1.3.1] AndroidManifest.xml:47:17-88
248-->[androidx.profileinstaller:profileinstaller:1.3.1] AndroidManifest.xml:47:25-85
249            </intent-filter>
250            <intent-filter>
250-->[androidx.profileinstaller:profileinstaller:1.3.1] AndroidManifest.xml:49:13-51:29
251                <action android:name="androidx.profileinstaller.action.BENCHMARK_OPERATION" />
251-->[androidx.profileinstaller:profileinstaller:1.3.1] AndroidManifest.xml:50:17-95
251-->[androidx.profileinstaller:profileinstaller:1.3.1] AndroidManifest.xml:50:25-92
252            </intent-filter>
253        </receiver>
254
255        <service
255-->[com.google.android.datatransport:transport-backend-cct:3.1.9] AndroidManifest.xml:28:9-34:19
256            android:name="com.google.android.datatransport.runtime.backends.TransportBackendDiscovery"
256-->[com.google.android.datatransport:transport-backend-cct:3.1.9] AndroidManifest.xml:29:13-103
257            android:exported="false" >
257-->[com.google.android.datatransport:transport-backend-cct:3.1.9] AndroidManifest.xml:30:13-37
258            <meta-data
258-->[com.google.android.datatransport:transport-backend-cct:3.1.9] AndroidManifest.xml:31:13-33:39
259                android:name="backend:com.google.android.datatransport.cct.CctBackendFactory"
259-->[com.google.android.datatransport:transport-backend-cct:3.1.9] AndroidManifest.xml:32:17-94
260                android:value="cct" />
260-->[com.google.android.datatransport:transport-backend-cct:3.1.9] AndroidManifest.xml:33:17-36
261        </service>
262        <service
262-->[com.google.android.datatransport:transport-runtime:3.1.9] AndroidManifest.xml:26:9-30:19
263            android:name="com.google.android.datatransport.runtime.scheduling.jobscheduling.JobInfoSchedulerService"
263-->[com.google.android.datatransport:transport-runtime:3.1.9] AndroidManifest.xml:27:13-117
264            android:exported="false"
264-->[com.google.android.datatransport:transport-runtime:3.1.9] AndroidManifest.xml:28:13-37
265            android:permission="android.permission.BIND_JOB_SERVICE" >
265-->[com.google.android.datatransport:transport-runtime:3.1.9] AndroidManifest.xml:29:13-69
266        </service>
267
268        <receiver
268-->[com.google.android.datatransport:transport-runtime:3.1.9] AndroidManifest.xml:32:9-34:40
269            android:name="com.google.android.datatransport.runtime.scheduling.jobscheduling.AlarmManagerSchedulerBroadcastReceiver"
269-->[com.google.android.datatransport:transport-runtime:3.1.9] AndroidManifest.xml:33:13-132
270            android:exported="false" />
270-->[com.google.android.datatransport:transport-runtime:3.1.9] AndroidManifest.xml:34:13-37
271    </application>
272
273</manifest>